<?xml version="1.0" encoding="UTF-8"?>
<!-- Generated by org.testng.reporters.JUnitXMLReporter -->
<testsuite ignored="19" hostname="AASHYD-4B6B2X2" failures="1" tests="1" name="Default test" time="43.724" errors="0" timestamp="2023-12-14T13:12:57 IST">
  <testcase classname="com.KaroSBC.testcases.Qual_InitiationTest" name="Qual020" time="26.471">
    <failure type="java.lang.AssertionError" message="The following asserts failed:
	Fail: AVS unit still visible in the list expected [false] but found [true]">
      <![CDATA[java.lang.AssertionError: The following asserts failed:
Fail: AVS unit still visible in the list expected [false] but found [true]
at org.testng.asserts.SoftAssert.assertAll(SoftAssert.java:47)
at org.testng.asserts.SoftAssert.assertAll(SoftAssert.java:31)
at com.KaroSBC.testcases.Qual_InitiationTest.Qual020(Qual_InitiationTest.java:684)
at java.base/jdk.internal.reflect.NativeMethodAccessorImpl.invoke0(Native Method)
at java.base/jdk.internal.reflect.NativeMethodAccessorImpl.invoke(NativeMethodAccessorImpl.java:77)
at java.base/jdk.internal.reflect.DelegatingMethodAccessorImpl.invoke(DelegatingMethodAccessorImpl.java:43)
at java.base/java.lang.reflect.Method.invoke(Method.java:568)
at org.testng.internal.MethodInvocationHelper.invokeMethod(MethodInvocationHelper.java:133)
at org.testng.internal.TestInvoker.invokeMethod(TestInvoker.java:598)
at org.testng.internal.TestInvoker.invokeTestMethod(TestInvoker.java:173)
at org.testng.internal.MethodRunner.runInSequence(MethodRunner.java:46)
at org.testng.internal.TestInvoker$MethodInvocationAgent.invoke(TestInvoker.java:824)
at org.testng.internal.TestInvoker.invokeTestMethods(TestInvoker.java:146)
at org.testng.internal.TestMethodWorker.invokeTestMethods(TestMethodWorker.java:146)
at org.testng.internal.TestMethodWorker.run(TestMethodWorker.java:128)
at java.base/java.util.ArrayList.forEach(ArrayList.java:1511)
at org.testng.TestRunner.privateRun(TestRunner.java:794)
at org.testng.TestRunner.run(TestRunner.java:596)
at org.testng.SuiteRunner.runTest(SuiteRunner.java:377)
at org.testng.SuiteRunner.runSequentially(SuiteRunner.java:371)
at org.testng.SuiteRunner.privateRun(SuiteRunner.java:332)
at org.testng.SuiteRunner.run(SuiteRunner.java:276)
at org.testng.SuiteRunnerWorker.runSuite(SuiteRunnerWorker.java:53)
at org.testng.SuiteRunnerWorker.run(SuiteRunnerWorker.java:96)
at org.testng.TestNG.runSuitesSequentially(TestNG.java:1212)
at org.testng.TestNG.runSuitesLocally(TestNG.java:1134)
at org.testng.TestNG.runSuites(TestNG.java:1063)
at org.testng.TestNG.run(TestNG.java:1031)
at org.testng.remote.AbstractRemoteTestNG.run(AbstractRemoteTestNG.java:115)
at org.testng.remote.RemoteTestNG.initAndRun(RemoteTestNG.java:251)
at org.testng.remote.RemoteTestNG.main(RemoteTestNG.java:77)
]]>
    </failure>
  </testcase> <!-- Qual020 -->
  <testcase classname="com.KaroSBC.testcases.Qual_InitiationTest" name="Qual011" time="0.0">
    <ignored/>
  </testcase> <!-- Qual011 -->
  <testcase classname="com.KaroSBC.testcases.Qual_InitiationTest" name="Qual001" time="0.0">
    <ignored/>
  </testcase> <!-- Qual001 -->
  <testcase classname="com.KaroSBC.testcases.Qual_InitiationTest" name="Qual012" time="0.0">
    <ignored/>
  </testcase> <!-- Qual012 -->
  <testcase classname="com.KaroSBC.testcases.Qual_InitiationTest" name="Qual010" time="0.0">
    <ignored/>
  </testcase> <!-- Qual010 -->
  <testcase classname="com.KaroSBC.testcases.Qual_InitiationTest" name="Qual004" time="0.0">
    <ignored/>
  </testcase> <!-- Qual004 -->
  <testcase classname="com.KaroSBC.testcases.Qual_InitiationTest" name="Qual015" time="0.0">
    <ignored/>
  </testcase> <!-- Qual015 -->
  <testcase classname="com.KaroSBC.testcases.Qual_InitiationTest" name="Qual016" time="0.0">
    <ignored/>
  </testcase> <!-- Qual016 -->
  <testcase classname="com.KaroSBC.testcases.Qual_InitiationTest" name="Qual005" time="0.0">
    <ignored/>
  </testcase> <!-- Qual005 -->
  <testcase classname="com.KaroSBC.testcases.Qual_InitiationTest" name="Qual002" time="0.0">
    <ignored/>
  </testcase> <!-- Qual002 -->
  <testcase classname="com.KaroSBC.testcases.Qual_InitiationTest" name="Qual013" time="0.0">
    <ignored/>
  </testcase> <!-- Qual013 -->
  <testcase classname="com.KaroSBC.testcases.Qual_InitiationTest" name="Qual003" time="0.0">
    <ignored/>
  </testcase> <!-- Qual003 -->
  <testcase classname="com.KaroSBC.testcases.Qual_InitiationTest" name="Qual014" time="0.0">
    <ignored/>
  </testcase> <!-- Qual014 -->
  <testcase classname="com.KaroSBC.testcases.Qual_InitiationTest" name="Qual008" time="0.0">
    <ignored/>
  </testcase> <!-- Qual008 -->
  <testcase classname="com.KaroSBC.testcases.Qual_InitiationTest" name="Qual019" time="0.0">
    <ignored/>
  </testcase> <!-- Qual019 -->
  <testcase classname="com.KaroSBC.testcases.Qual_InitiationTest" name="Qual009" time="0.0">
    <ignored/>
  </testcase> <!-- Qual009 -->
  <testcase classname="com.KaroSBC.testcases.Qual_InitiationTest" name="Qual007" time="0.0">
    <ignored/>
  </testcase> <!-- Qual007 -->
  <testcase classname="com.KaroSBC.testcases.Qual_InitiationTest" name="Qual018" time="0.0">
    <ignored/>
  </testcase> <!-- Qual018 -->
  <testcase classname="com.KaroSBC.testcases.Qual_InitiationTest" name="Qual006" time="0.0">
    <ignored/>
  </testcase> <!-- Qual006 -->
  <testcase classname="com.KaroSBC.testcases.Qual_InitiationTest" name="Qual017" time="0.0">
    <ignored/>
  </testcase> <!-- Qual017 -->
</testsuite> <!-- Default test -->
