<?xml version="1.0" encoding="UTF-8"?>
<testng-results ignored="19" total="20" passed="0" failed="1" skipped="0">
  <reporter-output>
  </reporter-output>
  <suite started-at="2023-12-14T13:12:13 IST" name="Default suite" finished-at="2023-12-14T13:12:57 IST" duration-ms="43724">
    <groups>
    </groups>
    <test started-at="2023-12-14T13:12:13 IST" name="Default test" finished-at="2023-12-14T13:12:57 IST" duration-ms="43724">
      <class name="com.KaroSBC.testcases.Qual_InitiationTest">
        <test-method is-config="true" signature="PreSetup()[pri:0, instance:com.KaroSBC.testcases.Qual_InitiationTest@53aac487]" started-at="2023-12-14T13:12:13 IST" name="PreSetup" finished-at="2023-12-14T13:12:14 IST" duration-ms="177" status="PASS">
          <reporter-output>
          </reporter-output>
        </test-method> <!-- PreSetup -->
        <test-method is-config="true" signature="Setup()[pri:0, instance:com.KaroSBC.testcases.Qual_InitiationTest@53aac487]" started-at="2023-12-14T13:12:14 IST" name="Setup" finished-at="2023-12-14T13:12:30 IST" duration-ms="16100" status="PASS">
          <reporter-output>
          </reporter-output>
        </test-method> <!-- Setup -->
        <test-method signature="Qual020(java.lang.String)[pri:0, instance:com.KaroSBC.testcases.Qual_InitiationTest@53aac487]" started-at="2023-12-14T13:12:30 IST" name="Qual020" data-provider="Qual020" finished-at="2023-12-14T13:12:57 IST" duration-ms="26471" status="FAIL">
          <params>
            <param index="0">
              <value>
                <![CDATA[10.17.18.152]]>
              </value>
            </param>
          </params>
          <exception class="java.lang.AssertionError">
            <message>
              <![CDATA[The following asserts failed:
Fail: AVS unit still visible in the list expected [false] but found [true]]]>
            </message>
            <full-stacktrace>
              <![CDATA[java.lang.AssertionError: The following asserts failed:
Fail: AVS unit still visible in the list expected [false] but found [true]
at org.testng.asserts.SoftAssert.assertAll(SoftAssert.java:47)
at org.testng.asserts.SoftAssert.assertAll(SoftAssert.java:31)
at com.KaroSBC.testcases.Qual_InitiationTest.Qual020(Qual_InitiationTest.java:684)
at java.base/jdk.internal.reflect.NativeMethodAccessorImpl.invoke0(Native Method)
at java.base/jdk.internal.reflect.NativeMethodAccessorImpl.invoke(NativeMethodAccessorImpl.java:77)
at java.base/jdk.internal.reflect.DelegatingMethodAccessorImpl.invoke(DelegatingMethodAccessorImpl.java:43)
at java.base/java.lang.reflect.Method.invoke(Method.java:568)
at org.testng.internal.MethodInvocationHelper.invokeMethod(MethodInvocationHelper.java:133)
at org.testng.internal.TestInvoker.invokeMethod(TestInvoker.java:598)
at org.testng.internal.TestInvoker.invokeTestMethod(TestInvoker.java:173)
at org.testng.internal.MethodRunner.runInSequence(MethodRunner.java:46)
at org.testng.internal.TestInvoker$MethodInvocationAgent.invoke(TestInvoker.java:824)
at org.testng.internal.TestInvoker.invokeTestMethods(TestInvoker.java:146)
at org.testng.internal.TestMethodWorker.invokeTestMethods(TestMethodWorker.java:146)
at org.testng.internal.TestMethodWorker.run(TestMethodWorker.java:128)
at java.base/java.util.ArrayList.forEach(ArrayList.java:1511)
at org.testng.TestRunner.privateRun(TestRunner.java:794)
at org.testng.TestRunner.run(TestRunner.java:596)
at org.testng.SuiteRunner.runTest(SuiteRunner.java:377)
at org.testng.SuiteRunner.runSequentially(SuiteRunner.java:371)
at org.testng.SuiteRunner.privateRun(SuiteRunner.java:332)
at org.testng.SuiteRunner.run(SuiteRunner.java:276)
at org.testng.SuiteRunnerWorker.runSuite(SuiteRunnerWorker.java:53)
at org.testng.SuiteRunnerWorker.run(SuiteRunnerWorker.java:96)
at org.testng.TestNG.runSuitesSequentially(TestNG.java:1212)
at org.testng.TestNG.runSuitesLocally(TestNG.java:1134)
at org.testng.TestNG.runSuites(TestNG.java:1063)
at org.testng.TestNG.run(TestNG.java:1031)
at org.testng.remote.AbstractRemoteTestNG.run(AbstractRemoteTestNG.java:115)
at org.testng.remote.RemoteTestNG.initAndRun(RemoteTestNG.java:251)
at org.testng.remote.RemoteTestNG.main(RemoteTestNG.java:77)
]]>
            </full-stacktrace>
          </exception> <!-- java.lang.AssertionError -->
          <reporter-output>
          </reporter-output>
        </test-method> <!-- Qual020 -->
        <test-method is-config="true" signature="Teardown(org.testng.ITestResult)[pri:0, instance:com.KaroSBC.testcases.Qual_InitiationTest@53aac487]" started-at="2023-12-14T13:12:57 IST" name="Teardown" finished-at="2023-12-14T13:12:57 IST" duration-ms="169" status="PASS">
          <params>
            <param index="0">
              <value>
                <![CDATA[[TestResult name=Qual020 status=FAILURE method=Qual_InitiationTest.Qual020(java.lang.String)[pri:0, instance:com.KaroSBC.testcases.Qual_InitiationTest@53aac487] output={null}]]]>
              </value>
            </param>
          </params>
          <reporter-output>
          </reporter-output>
        </test-method> <!-- Teardown -->
        <test-method is-config="true" signature="endReport_releaseMomory()[pri:0, instance:com.KaroSBC.testcases.Qual_InitiationTest@53aac487]" started-at="2023-12-14T13:12:57 IST" name="endReport_releaseMomory" finished-at="2023-12-14T13:12:57 IST" duration-ms="317" status="PASS">
          <reporter-output>
          </reporter-output>
        </test-method> <!-- endReport_releaseMomory -->
      </class> <!-- com.KaroSBC.testcases.Qual_InitiationTest -->
    </test> <!-- Default test -->
  </suite> <!-- Default suite -->
</testng-results>
